<?xml version="1.0" encoding="UTF-8"?>
<!-- Generated by org.testng.reporters.JUnitXMLReporter -->
<testsuite hostname="SSS-PC" ignored="0" name="ieTest" tests="3" failures="3" timestamp="24 Jul 2018 03:21:36 GMT" time="18.72" errors="0">
  <testcase name="@AfterMethod afterExecutionOfEachTest" time="0.132" classname="com.flipkart.testScripts.MultiBrowserTestCase">
    <failure type="com.flipkart.utilities.MyOwnException" message="AFTER METHOD IS NOT SUCCESSFUL
Error communicating with the remote browser. It may have died.
Build info: version: &amp;apos;3.4.0&amp;apos;, revision: &amp;apos;unknown&amp;apos;, time: &amp;apos;unknown&amp;apos;
System info: host: &amp;apos;SSS-PC&amp;apos;, ip: &amp;apos;192.168.43.125&amp;apos;, os.name: &amp;apos;Windows 7&amp;apos;, os.arch: &amp;apos;x86&amp;apos;, os.version: &amp;apos;6.1&amp;apos;, java.version: &amp;apos;1.8.0_171&amp;apos;
Driver info: driver.version: ActionDriver
Capabilities [{proxy=Proxy(), acceptInsecureCerts=false, browserVersion=8, se:ieOptions={nativeEvents=true, browserAttachTimeout=0.0, ie.ensureCleanSession=false, elementScrollBehavior=0.0, enablePersistentHover=true, ie.browserCommandLineSwitches=, ie.forceCreateProcessApi=false, requireWindowFocus=false, initialBrowserUrl=http://localhost:6966/, ignoreZoomSetting=false, ie.fileUploadDialogTimeout=3000.0, ignoreProtectedModeSettings=false}, timeouts={implicit=0.0, pageLoad=300000.0, script=30000.0}, browserName=internet explorer, pageLoadStrategy=normal, javascriptEnabled=true, platformName=windows, setWindowRect=true, platform=ANY}]
Session ID: 2746f415-b7a8-4102-b5d5-d62d26cf039d">
      <![CDATA[com.flipkart.utilities.MyOwnException: AFTER METHOD IS NOT SUCCESSFUL
Error communicating with the remote browser. It may have died.
Build info: version: '3.4.0', revision: 'unknown', time: 'unknown'
System info: host: 'SSS-PC', ip: '192.168.43.125', os.name: 'Windows 7', os.arch: 'x86', os.version: '6.1', java.version: '1.8.0_171'
Driver info: driver.version: ActionDriver
Capabilities [{proxy=Proxy(), acceptInsecureCerts=false, browserVersion=8, se:ieOptions={nativeEvents=true, browserAttachTimeout=0.0, ie.ensureCleanSession=false, elementScrollBehavior=0.0, enablePersistentHover=true, ie.browserCommandLineSwitches=, ie.forceCreateProcessApi=false, requireWindowFocus=false, initialBrowserUrl=http://localhost:6966/, ignoreZoomSetting=false, ie.fileUploadDialogTimeout=3000.0, ignoreProtectedModeSettings=false}, timeouts={implicit=0.0, pageLoad=300000.0, script=30000.0}, browserName=internet explorer, pageLoadStrategy=normal, javascriptEnabled=true, platformName=windows, setWindowRect=true, platform=ANY}]
Session ID: 2746f415-b7a8-4102-b5d5-d62d26cf039d
at com.flipkart.accelarators.Base.throwException(Base.java:208)
at com.flipkart.testScripts.MultiBrowserTestCase.afterExecutionOfEachTest(MultiBrowserTestCase.java:78)
at java.util.concurrent.ThreadPoolExecutor.runWorker(Unknown Source)
at java.util.concurrent.ThreadPoolExecutor$Worker.run(Unknown Source)
at java.lang.Thread.run(Unknown Source)
... Removed 13 stack frames]]>
    </failure>
  </testcase> <!-- @AfterMethod afterExecutionOfEachTest -->
  <testcase name="@AfterMethod afterExecutionOfEachTest" time="0.24" classname="com.flipkart.testScripts.MultiBrowserTestCase2">
    <failure type="com.flipkart.utilities.MyOwnException" message="AFTER METHOD IS NOT SUCCESSFUL
Error communicating with the remote browser. It may have died.
Build info: version: &amp;apos;3.4.0&amp;apos;, revision: &amp;apos;unknown&amp;apos;, time: &amp;apos;unknown&amp;apos;
System info: host: &amp;apos;SSS-PC&amp;apos;, ip: &amp;apos;192.168.43.125&amp;apos;, os.name: &amp;apos;Windows 7&amp;apos;, os.arch: &amp;apos;x86&amp;apos;, os.version: &amp;apos;6.1&amp;apos;, java.version: &amp;apos;1.8.0_171&amp;apos;
Driver info: driver.version: ActionDriver
Capabilities [{proxy=Proxy(), acceptInsecureCerts=false, browserVersion=8, se:ieOptions={nativeEvents=true, browserAttachTimeout=0.0, ie.ensureCleanSession=false, elementScrollBehavior=0.0, enablePersistentHover=true, ie.browserCommandLineSwitches=, ie.forceCreateProcessApi=false, requireWindowFocus=false, initialBrowserUrl=http://localhost:6966/, ignoreZoomSetting=false, ie.fileUploadDialogTimeout=3000.0, ignoreProtectedModeSettings=false}, timeouts={implicit=0.0, pageLoad=300000.0, script=30000.0}, browserName=internet explorer, pageLoadStrategy=normal, javascriptEnabled=true, platformName=windows, setWindowRect=true, platform=ANY}]
Session ID: 2746f415-b7a8-4102-b5d5-d62d26cf039d">
      <![CDATA[com.flipkart.utilities.MyOwnException: AFTER METHOD IS NOT SUCCESSFUL
Error communicating with the remote browser. It may have died.
Build info: version: '3.4.0', revision: 'unknown', time: 'unknown'
System info: host: 'SSS-PC', ip: '192.168.43.125', os.name: 'Windows 7', os.arch: 'x86', os.version: '6.1', java.version: '1.8.0_171'
Driver info: driver.version: ActionDriver
Capabilities [{proxy=Proxy(), acceptInsecureCerts=false, browserVersion=8, se:ieOptions={nativeEvents=true, browserAttachTimeout=0.0, ie.ensureCleanSession=false, elementScrollBehavior=0.0, enablePersistentHover=true, ie.browserCommandLineSwitches=, ie.forceCreateProcessApi=false, requireWindowFocus=false, initialBrowserUrl=http://localhost:6966/, ignoreZoomSetting=false, ie.fileUploadDialogTimeout=3000.0, ignoreProtectedModeSettings=false}, timeouts={implicit=0.0, pageLoad=300000.0, script=30000.0}, browserName=internet explorer, pageLoadStrategy=normal, javascriptEnabled=true, platformName=windows, setWindowRect=true, platform=ANY}]
Session ID: 2746f415-b7a8-4102-b5d5-d62d26cf039d
at com.flipkart.accelarators.Base.throwException(Base.java:208)
at com.flipkart.testScripts.MultiBrowserTestCase2.afterExecutionOfEachTest(MultiBrowserTestCase2.java:78)
at java.util.concurrent.ThreadPoolExecutor.runWorker(Unknown Source)
at java.util.concurrent.ThreadPoolExecutor$Worker.run(Unknown Source)
at java.lang.Thread.run(Unknown Source)
... Removed 13 stack frames]]>
    </failure>
  </testcase> <!-- @AfterMethod afterExecutionOfEachTest -->
  <testcase name="FlipKart_TC1" time="18.346" classname="com.flipkart.testScripts.MultiBrowserTestCase">
    <failure type="com.flipkart.utilities.MyOwnException" message="Login SUCCESSFUL
UNABLE TO INITIATE THE login PROCESS 
null value in entry: url=null
">
      <![CDATA[com.flipkart.utilities.MyOwnException: Login SUCCESSFUL
UNABLE TO INITIATE THE login PROCESS 
null value in entry: url=null

at com.flipkart.accelarators.Base.throwException(Base.java:208)
at com.flipkart.testScripts.MultiBrowserTestCase.FlipKart_TC1(MultiBrowserTestCase.java:42)
at java.util.concurrent.ThreadPoolExecutor.runWorker(Unknown Source)
at java.util.concurrent.ThreadPoolExecutor$Worker.run(Unknown Source)
at java.lang.Thread.run(Unknown Source)
... Removed 10 stack frames]]>
    </failure>
  </testcase> <!-- FlipKart_TC1 -->
  <testcase name="FlipKart_TC1" time="18.374" classname="com.flipkart.testScripts.MultiBrowserTestCase3">
    <failure type="com.flipkart.utilities.MyOwnException" message="Login SUCCESSFUL
UNABLE TO INITIATE THE login PROCESS 
null value in entry: url=null
">
      <![CDATA[com.flipkart.utilities.MyOwnException: Login SUCCESSFUL
UNABLE TO INITIATE THE login PROCESS 
null value in entry: url=null

at com.flipkart.accelarators.Base.throwException(Base.java:208)
at com.flipkart.testScripts.MultiBrowserTestCase3.FlipKart_TC1(MultiBrowserTestCase3.java:42)
at java.util.concurrent.ThreadPoolExecutor.runWorker(Unknown Source)
at java.util.concurrent.ThreadPoolExecutor$Worker.run(Unknown Source)
at java.lang.Thread.run(Unknown Source)
... Removed 10 stack frames]]>
    </failure>
  </testcase> <!-- FlipKart_TC1 -->
  <testcase name="FlipKart_TC1" time="18.442" classname="com.flipkart.testScripts.MultiBrowserTestCase2">
    <failure type="com.flipkart.utilities.MyOwnException" message="Login SUCCESSFUL
UNABLE TO INITIATE THE login PROCESS 
null value in entry: url=null
">
      <![CDATA[com.flipkart.utilities.MyOwnException: Login SUCCESSFUL
UNABLE TO INITIATE THE login PROCESS 
null value in entry: url=null

at com.flipkart.accelarators.Base.throwException(Base.java:208)
at com.flipkart.testScripts.MultiBrowserTestCase2.FlipKart_TC1(MultiBrowserTestCase2.java:42)
at java.util.concurrent.ThreadPoolExecutor.runWorker(Unknown Source)
at java.util.concurrent.ThreadPoolExecutor$Worker.run(Unknown Source)
at java.lang.Thread.run(Unknown Source)
... Removed 10 stack frames]]>
    </failure>
  </testcase> <!-- FlipKart_TC1 -->
</testsuite> <!-- ieTest -->
